Traceback (most recent call last):
  File "/usr/local/lib/python3.10/dist-packages/jupyter_cache/executors/utils.py", line 58, in single_nb_execution
    executenb(
  File "/usr/local/lib/python3.10/dist-packages/nbclient/client.py", line 1314, in execute
    return NotebookClient(nb=nb, resources=resources, km=km, **kwargs).execute()
  File "/usr/local/lib/python3.10/dist-packages/jupyter_core/utils/__init__.py", line 165, in wrapped
    return loop.run_until_complete(inner)
  File "/usr/lib/python3.10/asyncio/base_events.py", line 649, in run_until_complete
    return future.result()
  File "/usr/local/lib/python3.10/dist-packages/nbclient/client.py", line 709, in async_execute
    await self.async_execute_cell(
  File "/usr/local/lib/python3.10/dist-packages/nbclient/client.py", line 1062, in async_execute_cell
    await self._check_raise_for_error(cell, cell_index, exec_reply)
  File "/usr/local/lib/python3.10/dist-packages/nbclient/client.py", line 918, in _check_raise_for_error
    raise CellExecutionError.from_cell_and_msg(cell, exec_reply_content)
nbclient.exceptions.CellExecutionError: An error occurred while executing the following cell:
------------------
import numpy as np

A = np.array([[0,0,1,1/2], [1/3, 0 ,0 ,0], [1/3,1/2,0,1/2],[1/3,1/2,0,0]])
v = np.array([[0.25], [0.25], [0.25], [0.25]])

print ('A x v=\n', np.dot(A, v))z
print ('A^2 x v=\n', np.dot(A, np.dot(A, v)))
print ('A x (Av)=\n', np.dot(A, np.dot(A, v)))
print ('A^3 x v=\n', np.dot(A, np.dot(A, np.dot(A, v))))
print ('A^4 x v=\n', np.dot(A, np.dot(A, np.dot(A, np.dot(A, v)))))
print ('A^5 x v=\n', np.dot(A, np.dot(A, np.dot(A, np.dot(A, np.dot(A, v))))))
print ('A^6 x v=\n', np.dot(A, np.dot(A, np.dot(A, np.dot(A, np.dot(A, np.dot(A, v)))))))
print ('A^7 x v=\n', np.dot(A, np.dot(A, np.dot(A, np.dot(A, np.dot(A, np.dot(A, np.dot(A, v))))))))
print ('A^8 x v=\n', np.dot(A, np.dot(A, np.dot(A, np.dot(A, np.dot(A, np.dot(A, np.dot(A, np.dot(A, v)))))))))
------------------


[0;36m  File [0;32m"<ipython-input-1-c14387153162>"[0;36m, line [0;32m6[0m
[0;31m    print ('A x v=\n', np.dot(A, v))z[0m
[0m                                    ^[0m
[0;31mSyntaxError[0m[0;31m:[0m invalid syntax


